<?xml version="1.0" encoding="UTF-8"?>
<!-- Generated by org.testng.reporters.JUnitXMLReporter -->
<testsuite ignored="0" hostname="LAPTOP-AF2JRBJI" failures="0" tests="2" name="Default test" time="0.044" errors="0" timestamp="2022-11-02T12:40:54 IST">
  <testcase classname="testNGClasses.VarifyAddToCartButtonAndOffersForProduct" name="@BeforeTest launchBrowser" time="-1.66737305469E9">
    <failure type="org.testng.TestNGException" message="
Parameter &amp;apos;browser&amp;apos; is required by BeforeTest on method launchBrowser but has not been marked @Optional or defined
in C:\Users\Sham\AppData\Local\Temp\testng-eclipse-391183512\testng-customsuite.xml">
      <![CDATA[org.testng.TestNGException: 
Parameter 'browser' is required by BeforeTest on method launchBrowser but has not been marked @Optional or defined
in C:\Users\Sham\AppData\Local\Temp\testng-eclipse-391183512\testng-customsuite.xml
at org.testng.internal.Parameters.createParams(Parameters.java:270)
at org.testng.internal.Parameters.createParametersForMethod(Parameters.java:358)
at org.testng.internal.Parameters.createParameters(Parameters.java:700)
at org.testng.internal.Parameters.createConfigurationParameters(Parameters.java:168)
at org.testng.internal.ConfigInvoker.invokeConfigurations(ConfigInvoker.java:302)
at org.testng.TestRunner.invokeTestConfigurations(TestRunner.java:637)
at org.testng.TestRunner.beforeRun(TestRunner.java:627)
at org.testng.TestRunner.run(TestRunner.java:589)
at org.testng.SuiteRunner.runTest(SuiteRunner.java:377)
at org.testng.SuiteRunner.runSequentially(SuiteRunner.java:371)
at org.testng.SuiteRunner.privateRun(SuiteRunner.java:332)
at org.testng.SuiteRunner.run(SuiteRunner.java:276)
at org.testng.SuiteRunnerWorker.runSuite(SuiteRunnerWorker.java:53)
at org.testng.SuiteRunnerWorker.run(SuiteRunnerWorker.java:96)
at org.testng.TestNG.runSuitesSequentially(TestNG.java:1212)
at org.testng.TestNG.runSuitesLocally(TestNG.java:1134)
at org.testng.TestNG.runSuites(TestNG.java:1063)
at org.testng.TestNG.run(TestNG.java:1031)
at org.testng.remote.AbstractRemoteTestNG.run(AbstractRemoteTestNG.java:115)
at org.testng.remote.RemoteTestNG.initAndRun(RemoteTestNG.java:251)
at org.testng.remote.RemoteTestNG.main(RemoteTestNG.java:77)
]]>
    </failure>
  </testcase> <!-- @BeforeTest launchBrowser -->
  <testcase classname="testNGClasses.VarifyAddToCartButtonAndOffersForProduct" name="@BeforeClass createPOMObjects" time="-1.667373054712E9">
    <skipped/>
  </testcase> <!-- @BeforeClass createPOMObjects -->
  <testcase classname="testNGClasses.VarifyAddToCartButtonAndOffersForProduct" name="@BeforeMethod selectProductYouWantToAdd" time="-1.667373054721E9">
    <skipped/>
  </testcase> <!-- @BeforeMethod selectProductYouWantToAdd -->
  <testcase classname="testNGClasses.VarifyAddToCartButtonAndOffersForProduct" name="@AfterMethod closeTheTabAndLogOut" time="-1.667373054725E9">
    <skipped/>
  </testcase> <!-- @AfterMethod closeTheTabAndLogOut -->
  <testcase classname="testNGClasses.VarifyAddToCartButtonAndOffersForProduct" name="@BeforeMethod selectProductYouWantToAdd" time="-1.667373054726E9">
    <skipped/>
  </testcase> <!-- @BeforeMethod selectProductYouWantToAdd -->
  <testcase classname="testNGClasses.VarifyAddToCartButtonAndOffersForProduct" name="@AfterMethod closeTheTabAndLogOut" time="-1.667373054728E9">
    <skipped/>
  </testcase> <!-- @AfterMethod closeTheTabAndLogOut -->
  <testcase classname="testNGClasses.VarifyAddToCartButtonAndOffersForProduct" name="@AfterClass closeTheBrowser" time="-1.667373054729E9">
    <skipped/>
  </testcase> <!-- @AfterClass closeTheBrowser -->
  <testcase classname="testNGClasses.VarifyAddToCartButtonAndOffersForProduct" name="VarifyAddToCartButton" time="0.0">
    <skipped/>
  </testcase> <!-- VarifyAddToCartButton -->
  <testcase classname="testNGClasses.VarifyAddToCartButtonAndOffersForProduct" name="VarifyOffersForProducts" time="0.0">
    <skipped/>
  </testcase> <!-- VarifyOffersForProducts -->
</testsuite> <!-- Default test -->
