<?xml version="1.0" encoding="UTF-8"?>
<!-- Generated by org.testng.reporters.JUnitXMLReporter -->
<testsuite ignored="0" hostname="LAPTOP-AF2JRBJI" failures="0" tests="5" name="ChromeTest" time="0.098" errors="0" timestamp="2022-10-30T18:19:06 IST">
  <testcase classname="testNGClasses.VarifyAddToCartButtonAndOffersForProduct" name="@BeforeTest launchBrowser" time="0.038">
    <failure type="java.lang.IllegalStateException" message="The path to the driver executable must be set by the webdriver.chrome.driver system property; for more information, see https://github.com/SeleniumHQ/selenium/wiki/ChromeDriver. The latest version can be downloaded from http://chromedriver.storage.googleapis.com/index.html">
      <![CDATA[java.lang.IllegalStateException: The path to the driver executable must be set by the webdriver.chrome.driver system property; for more information, see https://github.com/SeleniumHQ/selenium/wiki/ChromeDriver. The latest version can be downloaded from http://chromedriver.storage.googleapis.com/index.html
at com.google.common.base.Preconditions.checkState(Preconditions.java:847)
at org.openqa.selenium.remote.service.DriverService.findExecutable(DriverService.java:134)
at org.openqa.selenium.chrome.ChromeDriverService.access$000(ChromeDriverService.java:35)
at org.openqa.selenium.chrome.ChromeDriverService$Builder.findDefaultExecutable(ChromeDriverService.java:159)
at org.openqa.selenium.remote.service.DriverService$Builder.build(DriverService.java:355)
at org.openqa.selenium.chrome.ChromeDriverService.createDefaultService(ChromeDriverService.java:94)
at org.openqa.selenium.chrome.ChromeDriver.<init>(ChromeDriver.java:123)
at setup.Base.openEdgeBrowser(Base.java:16)
at testNGClasses.VarifyAddToCartButtonAndOffersForProduct.launchBrowser(VarifyAddToCartButtonAndOffersForProduct.java:40)
... Removed 24 stack frames]]>
    </failure>
  </testcase> <!-- @BeforeTest launchBrowser -->
  <testcase classname="testNGClasses.VarifyUsernameAdressAfterSignInAndCheckItemsOrderedInAYear" name="@BeforeTest launchBrowser" time="-1.667134146007E9">
    <skipped/>
  </testcase> <!-- @BeforeTest launchBrowser -->
  <testcase classname="testNGClasses.VarifyAddToCartButtonAndOffersForProduct" name="@BeforeClass createPOMObjects" time="-1.667134146021E9">
    <skipped/>
  </testcase> <!-- @BeforeClass createPOMObjects -->
  <testcase classname="testNGClasses.VarifyAddToCartButtonAndOffersForProduct" name="@BeforeMethod selectProductYouWantToAdd" time="-1.667134146027E9">
    <skipped/>
  </testcase> <!-- @BeforeMethod selectProductYouWantToAdd -->
  <testcase classname="testNGClasses.VarifyAddToCartButtonAndOffersForProduct" name="@AfterMethod closeTheTabAndLogOut" time="-1.667134146032E9">
    <skipped/>
  </testcase> <!-- @AfterMethod closeTheTabAndLogOut -->
  <testcase classname="testNGClasses.VarifyAddToCartButtonAndOffersForProduct" name="@BeforeMethod selectProductYouWantToAdd" time="-1.667134146034E9">
    <skipped/>
  </testcase> <!-- @BeforeMethod selectProductYouWantToAdd -->
  <testcase classname="testNGClasses.VarifyAddToCartButtonAndOffersForProduct" name="@AfterMethod closeTheTabAndLogOut" time="-1.667134146038E9">
    <skipped/>
  </testcase> <!-- @AfterMethod closeTheTabAndLogOut -->
  <testcase classname="testNGClasses.VarifyAddToCartButtonAndOffersForProduct" name="@AfterClass closeTheBrowser" time="-1.667134146039E9">
    <skipped/>
  </testcase> <!-- @AfterClass closeTheBrowser -->
  <testcase classname="testNGClasses.VarifyUsernameAdressAfterSignInAndCheckItemsOrderedInAYear" name="@BeforeClass createPOMObjects" time="-1.667134146041E9">
    <skipped/>
  </testcase> <!-- @BeforeClass createPOMObjects -->
  <testcase classname="testNGClasses.VarifyUsernameAdressAfterSignInAndCheckItemsOrderedInAYear" name="@BeforeMethod login" time="-1.667134146042E9">
    <skipped/>
  </testcase> <!-- @BeforeMethod login -->
  <testcase classname="testNGClasses.VarifyUsernameAdressAfterSignInAndCheckItemsOrderedInAYear" name="@AfterMethod logOut" time="-1.667134146046E9">
    <skipped/>
  </testcase> <!-- @AfterMethod logOut -->
  <testcase classname="testNGClasses.VarifyUsernameAdressAfterSignInAndCheckItemsOrderedInAYear" name="@BeforeMethod login" time="-1.667134146047E9">
    <skipped/>
  </testcase> <!-- @BeforeMethod login -->
  <testcase classname="testNGClasses.VarifyUsernameAdressAfterSignInAndCheckItemsOrderedInAYear" name="@AfterMethod logOut" time="-1.667134146051E9">
    <skipped/>
  </testcase> <!-- @AfterMethod logOut -->
  <testcase classname="testNGClasses.VarifyUsernameAdressAfterSignInAndCheckItemsOrderedInAYear" name="@BeforeMethod login" time="-1.667134146052E9">
    <skipped/>
  </testcase> <!-- @BeforeMethod login -->
  <testcase classname="testNGClasses.VarifyUsernameAdressAfterSignInAndCheckItemsOrderedInAYear" name="@AfterMethod logOut" time="-1.667134146054E9">
    <skipped/>
  </testcase> <!-- @AfterMethod logOut -->
  <testcase classname="testNGClasses.VarifyUsernameAdressAfterSignInAndCheckItemsOrderedInAYear" name="@AfterClass closeTheBrowser" time="-1.667134146055E9">
    <skipped/>
  </testcase> <!-- @AfterClass closeTheBrowser -->
  <testcase classname="testNGClasses.VarifyAddToCartButtonAndOffersForProduct" name="VarifyAddToCartButton" time="0.0">
    <skipped/>
  </testcase> <!-- VarifyAddToCartButton -->
  <testcase classname="testNGClasses.VarifyAddToCartButtonAndOffersForProduct" name="VarifyOffersForProducts" time="0.0">
    <skipped/>
  </testcase> <!-- VarifyOffersForProducts -->
  <testcase classname="testNGClasses.VarifyUsernameAdressAfterSignInAndCheckItemsOrderedInAYear" name="checkItemsOrderedInAYear" time="0.0">
    <skipped/>
  </testcase> <!-- checkItemsOrderedInAYear -->
  <testcase classname="testNGClasses.VarifyUsernameAdressAfterSignInAndCheckItemsOrderedInAYear" name="VarifyDeliveryAdressAfterLogin" time="0.0">
    <skipped/>
  </testcase> <!-- VarifyDeliveryAdressAfterLogin -->
  <testcase classname="testNGClasses.VarifyUsernameAdressAfterSignInAndCheckItemsOrderedInAYear" name="VarifyUsernameAfterLogin" time="0.0">
    <skipped/>
  </testcase> <!-- VarifyUsernameAfterLogin -->
</testsuite> <!-- ChromeTest -->
