<?xml version="1.0" encoding="UTF-8"?>
<!-- Generated by org.testng.reporters.JUnitXMLReporter -->
<testsuite ignored="0" hostname="LAPTOP-AF2JRBJI" failures="0" tests="5" name="Test" time="1.037" errors="0" timestamp="2022-10-30T18:11:01 IST">
  <testcase classname="testNGClasses.VarifyAddToCartButtonAndOffersForProduct" name="@BeforeTest launchBrowser" time="0.978">
    <failure type="java.lang.NullPointerException" message="Cannot invoke &amp;quot;org.openqa.selenium.WebDriver.manage()&amp;quot; because &amp;quot;this.driver&amp;quot; is null">
      <![CDATA[java.lang.NullPointerException: Cannot invoke "org.openqa.selenium.WebDriver.manage()" because "this.driver" is null
at testNGClasses.VarifyAddToCartButtonAndOffersForProduct.launchBrowser(VarifyAddToCartButtonAndOffersForProduct.java:45)
... Removed 24 stack frames]]>
    </failure>
  </testcase> <!-- @BeforeTest launchBrowser -->
  <testcase classname="testNGClasses.VarifyUsernameAdressAfterSignInAndCheckItemsOrderedInAYear" name="@BeforeTest launchBrowser" time="-1.667133661292E9">
    <skipped/>
  </testcase> <!-- @BeforeTest launchBrowser -->
  <testcase classname="testNGClasses.VarifyAddToCartButtonAndOffersForProduct" name="@BeforeClass createPOMObjects" time="-1.667133661311E9">
    <skipped/>
  </testcase> <!-- @BeforeClass createPOMObjects -->
  <testcase classname="testNGClasses.VarifyUsernameAdressAfterSignInAndCheckItemsOrderedInAYear" name="@BeforeClass createPOMObjects" time="-1.667133661311E9">
    <skipped/>
  </testcase> <!-- @BeforeClass createPOMObjects -->
  <testcase classname="testNGClasses.VarifyAddToCartButtonAndOffersForProduct" name="@BeforeMethod selectProductYouWantToAdd" time="-1.667133661321E9">
    <skipped/>
  </testcase> <!-- @BeforeMethod selectProductYouWantToAdd -->
  <testcase classname="testNGClasses.VarifyUsernameAdressAfterSignInAndCheckItemsOrderedInAYear" name="@BeforeMethod login" time="-1.667133661321E9">
    <skipped/>
  </testcase> <!-- @BeforeMethod login -->
  <testcase classname="testNGClasses.VarifyAddToCartButtonAndOffersForProduct" name="@BeforeMethod selectProductYouWantToAdd" time="-1.667133661321E9">
    <skipped/>
  </testcase> <!-- @BeforeMethod selectProductYouWantToAdd -->
  <testcase classname="testNGClasses.VarifyUsernameAdressAfterSignInAndCheckItemsOrderedInAYear" name="@BeforeMethod login" time="-1.667133661321E9">
    <skipped/>
  </testcase> <!-- @BeforeMethod login -->
  <testcase classname="testNGClasses.VarifyUsernameAdressAfterSignInAndCheckItemsOrderedInAYear" name="@BeforeMethod login" time="-1.667133661321E9">
    <skipped/>
  </testcase> <!-- @BeforeMethod login -->
  <testcase classname="testNGClasses.VarifyUsernameAdressAfterSignInAndCheckItemsOrderedInAYear" name="@AfterMethod logOut" time="-1.667133661332E9">
    <skipped/>
  </testcase> <!-- @AfterMethod logOut -->
  <testcase classname="testNGClasses.VarifyAddToCartButtonAndOffersForProduct" name="@AfterMethod closeTheTabAndLogOut" time="-1.66713366133E9">
    <skipped/>
  </testcase> <!-- @AfterMethod closeTheTabAndLogOut -->
  <testcase classname="testNGClasses.VarifyUsernameAdressAfterSignInAndCheckItemsOrderedInAYear" name="@AfterMethod logOut" time="-1.667133661329E9">
    <skipped/>
  </testcase> <!-- @AfterMethod logOut -->
  <testcase classname="testNGClasses.VarifyAddToCartButtonAndOffersForProduct" name="@AfterMethod closeTheTabAndLogOut" time="-1.667133661335E9">
    <skipped/>
  </testcase> <!-- @AfterMethod closeTheTabAndLogOut -->
  <testcase classname="testNGClasses.VarifyUsernameAdressAfterSignInAndCheckItemsOrderedInAYear" name="@AfterMethod logOut" time="-1.667133661336E9">
    <skipped/>
  </testcase> <!-- @AfterMethod logOut -->
  <testcase classname="testNGClasses.VarifyAddToCartButtonAndOffersForProduct" name="@AfterClass closeTheBrowser" time="-1.667133661337E9">
    <skipped/>
  </testcase> <!-- @AfterClass closeTheBrowser -->
  <testcase classname="testNGClasses.VarifyUsernameAdressAfterSignInAndCheckItemsOrderedInAYear" name="@AfterClass closeTheBrowser" time="-1.667133661337E9">
    <skipped/>
  </testcase> <!-- @AfterClass closeTheBrowser -->
  <testcase classname="testNGClasses.VarifyUsernameAdressAfterSignInAndCheckItemsOrderedInAYear" name="VarifyDeliveryAdressAfterLogin" time="0.0">
    <skipped/>
  </testcase> <!-- VarifyDeliveryAdressAfterLogin -->
  <testcase classname="testNGClasses.VarifyAddToCartButtonAndOffersForProduct" name="VarifyOffersForProducts" time="0.0">
    <skipped/>
  </testcase> <!-- VarifyOffersForProducts -->
  <testcase classname="testNGClasses.VarifyUsernameAdressAfterSignInAndCheckItemsOrderedInAYear" name="checkItemsOrderedInAYear" time="0.0">
    <skipped/>
  </testcase> <!-- checkItemsOrderedInAYear -->
  <testcase classname="testNGClasses.VarifyAddToCartButtonAndOffersForProduct" name="VarifyAddToCartButton" time="0.0">
    <skipped/>
  </testcase> <!-- VarifyAddToCartButton -->
  <testcase classname="testNGClasses.VarifyUsernameAdressAfterSignInAndCheckItemsOrderedInAYear" name="VarifyUsernameAfterLogin" time="0.0">
    <skipped/>
  </testcase> <!-- VarifyUsernameAfterLogin -->
</testsuite> <!-- Test -->
