<html>
<head>
<title>TestNG:  Test</title>
<link href="../testng.css" rel="stylesheet" type="text/css" />
<link href="../my-testng.css" rel="stylesheet" type="text/css" />

<style type="text/css">
.log { display: none;} 
.stack-trace { display: none;} 
</style>
<script type="text/javascript">
<!--
function flip(e) {
  current = e.style.display;
  if (current == 'block') {
    e.style.display = 'none';
    return 0;
  }
  else {
    e.style.display = 'block';
    return 1;
  }
}

function toggleBox(szDivId, elem, msg1, msg2)
{
  var res = -1;  if (document.getElementById) {
    res = flip(document.getElementById(szDivId));
  }
  else if (document.all) {
    // this is the way old msie versions work
    res = flip(document.all[szDivId]);
  }
  if(elem) {
    if(res == 0) elem.innerHTML = msg1; else elem.innerHTML = msg2;
  }

}

function toggleAllBoxes() {
  if (document.getElementsByTagName) {
    d = document.getElementsByTagName('div');
    for (i = 0; i < d.length; i++) {
      if (d[i].className == 'log') {
        flip(d[i]);
      }
    }
  }
}

// -->
</script>

</head>
<body>
<h2 align='center'>Test</h2><table border='1' align="center">
<tr>
<td>Tests passed/Failed/Skipped:</td><td>0/0/5</td>
</tr><tr>
<td>Started on:</td><td>Sun Oct 30 18:11:00 IST 2022</td>
</tr>
<tr><td>Total time:</td><td>1 seconds (1037 ms)</td>
</tr><tr>
<td>Included groups:</td><td></td>
</tr><tr>
<td>Excluded groups:</td><td></td>
</tr>
</table><p/>
<small><i>(Hover the method name to see the test class name)</i></small><p/>
<table width='100%' border='1' class='invocation-failed'>
<tr><td colspan='4' align='center'><b>FAILED CONFIGURATIONS</b></td></tr>
<tr><td><b>Test method</b></td>
<td width="30%"><b>Exception</b></td>
<td width="10%"><b>Time (seconds)</b></td>
<td><b>Instance</b></td>
</tr>
<tr>
<td title='testNGClasses.VarifyAddToCartButtonAndOffersForProduct.launchBrowser()'><b>launchBrowser</b><br>Test class: testNGClasses.VarifyAddToCartButtonAndOffersForProduct<br>Parameters: Chrome</td>
<td><div><pre>java.lang.NullPointerException: Cannot invoke &quot;org.openqa.selenium.WebDriver.manage()&quot; because &quot;this.driver&quot; is null
	at testNGClasses.VarifyAddToCartButtonAndOffersForProduct.launchBrowser(VarifyAddToCartButtonAndOffersForProduct.java:45)
... Removed 24 stack frames</pre></div><a href='#' onClick='toggleBox("stack-trace391183339", this, "Click to show all stack frames", "Click to hide stack frames")'>Click to show all stack frames</a>
<div class='stack-trace' id='stack-trace391183339'><pre>java.lang.NullPointerException: Cannot invoke &quot;org.openqa.selenium.WebDriver.manage()&quot; because &quot;this.driver&quot; is null
	at testNGClasses.VarifyAddToCartButtonAndOffersForProduct.launchBrowser(VarifyAddToCartButtonAndOffersForProduct.java:45)
	at java.base/jdk.internal.reflect.NativeMethodAccessorImpl.invoke0(Native Method)
	at java.base/jdk.internal.reflect.NativeMethodAccessorImpl.invoke(NativeMethodAccessorImpl.java:78)
	at java.base/jdk.internal.reflect.DelegatingMethodAccessorImpl.invoke(DelegatingMethodAccessorImpl.java:43)
	at java.base/java.lang.reflect.Method.invoke(Method.java:567)
	at org.testng.internal.MethodInvocationHelper.invokeMethod(MethodInvocationHelper.java:133)
	at org.testng.internal.MethodInvocationHelper.invokeMethodConsideringTimeout(MethodInvocationHelper.java:62)
	at org.testng.internal.ConfigInvoker.invokeConfigurationMethod(ConfigInvoker.java:385)
	at org.testng.internal.ConfigInvoker.invokeConfigurations(ConfigInvoker.java:321)
	at org.testng.TestRunner.invokeTestConfigurations(TestRunner.java:637)
	at org.testng.TestRunner.beforeRun(TestRunner.java:627)
	at org.testng.TestRunner.run(TestRunner.java:589)
	at org.testng.SuiteRunner.runTest(SuiteRunner.java:377)
	at org.testng.SuiteRunner.runSequentially(SuiteRunner.java:371)
	at org.testng.SuiteRunner.privateRun(SuiteRunner.java:332)
	at org.testng.SuiteRunner.run(SuiteRunner.java:276)
	at org.testng.SuiteRunnerWorker.runSuite(SuiteRunnerWorker.java:53)
	at org.testng.SuiteRunnerWorker.run(SuiteRunnerWorker.java:96)
	at org.testng.TestNG.runSuitesSequentially(TestNG.java:1212)
	at org.testng.TestNG.runSuitesLocally(TestNG.java:1134)
	at org.testng.TestNG.runSuites(TestNG.java:1063)
	at org.testng.TestNG.run(TestNG.java:1031)
	at org.testng.remote.AbstractRemoteTestNG.run(AbstractRemoteTestNG.java:115)
	at org.testng.remote.RemoteTestNG.initAndRun(RemoteTestNG.java:251)
	at org.testng.remote.RemoteTestNG.main(RemoteTestNG.java:77)
</pre></div></td>
<td>0</td>
<td>testNGClasses.VarifyAddToCartButtonAndOffersForProduct@5a45133e</td></tr>
</table><p>
<table width='100%' border='1' class='invocation-skipped'>
<tr><td colspan='4' align='center'><b>SKIPPED CONFIGURATIONS</b></td></tr>
<tr><td><b>Test method</b></td>
<td width="30%"><b>Exception</b></td>
<td width="10%"><b>Time (seconds)</b></td>
<td><b>Instance</b></td>
</tr>
<tr>
<td title='testNGClasses.VarifyAddToCartButtonAndOffersForProduct.selectProductYouWantToAdd()'><b>selectProductYouWantToAdd</b><br>Test class: testNGClasses.VarifyAddToCartButtonAndOffersForProduct</td>
<td></td>
<td>-1667133661</td>
<td>testNGClasses.VarifyAddToCartButtonAndOffersForProduct@5a45133e</td></tr>
<tr>
<td title='testNGClasses.VarifyAddToCartButtonAndOffersForProduct.createPOMObjects()'><b>createPOMObjects</b><br>Test class: testNGClasses.VarifyAddToCartButtonAndOffersForProduct</td>
<td></td>
<td>-1667133661</td>
<td>testNGClasses.VarifyAddToCartButtonAndOffersForProduct@5a45133e</td></tr>
<tr>
<td title='testNGClasses.VarifyUsernameAdressAfterSignInAndCheckItemsOrderedInAYear.createPOMObjects()'><b>createPOMObjects</b><br>Test class: testNGClasses.VarifyUsernameAdressAfterSignInAndCheckItemsOrderedInAYear</td>
<td></td>
<td>-1667133661</td>
<td>testNGClasses.VarifyUsernameAdressAfterSignInAndCheckItemsOrderedInAYear@2e3967ea</td></tr>
<tr>
<td title='testNGClasses.VarifyUsernameAdressAfterSignInAndCheckItemsOrderedInAYear.login()'><b>login</b><br>Test class: testNGClasses.VarifyUsernameAdressAfterSignInAndCheckItemsOrderedInAYear</td>
<td></td>
<td>-1667133661</td>
<td>testNGClasses.VarifyUsernameAdressAfterSignInAndCheckItemsOrderedInAYear@2e3967ea</td></tr>
<tr>
<td title='testNGClasses.VarifyUsernameAdressAfterSignInAndCheckItemsOrderedInAYear.logOut()'><b>logOut</b><br>Test class: testNGClasses.VarifyUsernameAdressAfterSignInAndCheckItemsOrderedInAYear</td>
<td></td>
<td>-1667133661</td>
<td>testNGClasses.VarifyUsernameAdressAfterSignInAndCheckItemsOrderedInAYear@2e3967ea</td></tr>
<tr>
<td title='testNGClasses.VarifyUsernameAdressAfterSignInAndCheckItemsOrderedInAYear.login()'><b>login</b><br>Test class: testNGClasses.VarifyUsernameAdressAfterSignInAndCheckItemsOrderedInAYear</td>
<td></td>
<td>-1667133661</td>
<td>testNGClasses.VarifyUsernameAdressAfterSignInAndCheckItemsOrderedInAYear@2e3967ea</td></tr>
<tr>
<td title='testNGClasses.VarifyAddToCartButtonAndOffersForProduct.selectProductYouWantToAdd()'><b>selectProductYouWantToAdd</b><br>Test class: testNGClasses.VarifyAddToCartButtonAndOffersForProduct</td>
<td></td>
<td>-1667133661</td>
<td>testNGClasses.VarifyAddToCartButtonAndOffersForProduct@5a45133e</td></tr>
<tr>
<td title='testNGClasses.VarifyUsernameAdressAfterSignInAndCheckItemsOrderedInAYear.logOut()'><b>logOut</b><br>Test class: testNGClasses.VarifyUsernameAdressAfterSignInAndCheckItemsOrderedInAYear</td>
<td></td>
<td>-1667133661</td>
<td>testNGClasses.VarifyUsernameAdressAfterSignInAndCheckItemsOrderedInAYear@2e3967ea</td></tr>
<tr>
<td title='testNGClasses.VarifyUsernameAdressAfterSignInAndCheckItemsOrderedInAYear.login()'><b>login</b><br>Test class: testNGClasses.VarifyUsernameAdressAfterSignInAndCheckItemsOrderedInAYear</td>
<td></td>
<td>-1667133661</td>
<td>testNGClasses.VarifyUsernameAdressAfterSignInAndCheckItemsOrderedInAYear@2e3967ea</td></tr>
<tr>
<td title='testNGClasses.VarifyAddToCartButtonAndOffersForProduct.closeTheBrowser()'><b>closeTheBrowser</b><br>Test class: testNGClasses.VarifyAddToCartButtonAndOffersForProduct</td>
<td></td>
<td>-1667133661</td>
<td>testNGClasses.VarifyAddToCartButtonAndOffersForProduct@5a45133e</td></tr>
<tr>
<td title='testNGClasses.VarifyAddToCartButtonAndOffersForProduct.closeTheTabAndLogOut()'><b>closeTheTabAndLogOut</b><br>Test class: testNGClasses.VarifyAddToCartButtonAndOffersForProduct</td>
<td></td>
<td>-1667133661</td>
<td>testNGClasses.VarifyAddToCartButtonAndOffersForProduct@5a45133e</td></tr>
<tr>
<td title='testNGClasses.VarifyUsernameAdressAfterSignInAndCheckItemsOrderedInAYear.logOut()'><b>logOut</b><br>Test class: testNGClasses.VarifyUsernameAdressAfterSignInAndCheckItemsOrderedInAYear</td>
<td></td>
<td>-1667133661</td>
<td>testNGClasses.VarifyUsernameAdressAfterSignInAndCheckItemsOrderedInAYear@2e3967ea</td></tr>
<tr>
<td title='testNGClasses.VarifyAddToCartButtonAndOffersForProduct.closeTheTabAndLogOut()'><b>closeTheTabAndLogOut</b><br>Test class: testNGClasses.VarifyAddToCartButtonAndOffersForProduct</td>
<td></td>
<td>-1667133661</td>
<td>testNGClasses.VarifyAddToCartButtonAndOffersForProduct@5a45133e</td></tr>
<tr>
<td title='testNGClasses.VarifyUsernameAdressAfterSignInAndCheckItemsOrderedInAYear.launchBrowser()'><b>launchBrowser</b><br>Test class: testNGClasses.VarifyUsernameAdressAfterSignInAndCheckItemsOrderedInAYear</td>
<td></td>
<td>-1667133661</td>
<td>testNGClasses.VarifyUsernameAdressAfterSignInAndCheckItemsOrderedInAYear@2e3967ea</td></tr>
<tr>
<td title='testNGClasses.VarifyUsernameAdressAfterSignInAndCheckItemsOrderedInAYear.closeTheBrowser()'><b>closeTheBrowser</b><br>Test class: testNGClasses.VarifyUsernameAdressAfterSignInAndCheckItemsOrderedInAYear</td>
<td></td>
<td>-1667133661</td>
<td>testNGClasses.VarifyUsernameAdressAfterSignInAndCheckItemsOrderedInAYear@2e3967ea</td></tr>
</table><p>
<table width='100%' border='1' class='invocation-skipped'>
<tr><td colspan='4' align='center'><b>SKIPPED TESTS</b></td></tr>
<tr><td><b>Test method</b></td>
<td width="30%"><b>Exception</b></td>
<td width="10%"><b>Time (seconds)</b></td>
<td><b>Instance</b></td>
</tr>
<tr>
<td title='testNGClasses.VarifyAddToCartButtonAndOffersForProduct.VarifyOffersForProducts()'><b>VarifyOffersForProducts</b><br>Test class: testNGClasses.VarifyAddToCartButtonAndOffersForProduct</td>
<td><div><pre>java.lang.NullPointerException: Cannot invoke &quot;org.openqa.selenium.WebDriver.manage()&quot; because &quot;this.driver&quot; is null
	at testNGClasses.VarifyAddToCartButtonAndOffersForProduct.launchBrowser(VarifyAddToCartButtonAndOffersForProduct.java:45)
... Removed 24 stack frames</pre></div><a href='#' onClick='toggleBox("stack-trace196191987", this, "Click to show all stack frames", "Click to hide stack frames")'>Click to show all stack frames</a>
<div class='stack-trace' id='stack-trace196191987'><pre>java.lang.NullPointerException: Cannot invoke &quot;org.openqa.selenium.WebDriver.manage()&quot; because &quot;this.driver&quot; is null
	at testNGClasses.VarifyAddToCartButtonAndOffersForProduct.launchBrowser(VarifyAddToCartButtonAndOffersForProduct.java:45)
	at java.base/jdk.internal.reflect.NativeMethodAccessorImpl.invoke0(Native Method)
	at java.base/jdk.internal.reflect.NativeMethodAccessorImpl.invoke(NativeMethodAccessorImpl.java:78)
	at java.base/jdk.internal.reflect.DelegatingMethodAccessorImpl.invoke(DelegatingMethodAccessorImpl.java:43)
	at java.base/java.lang.reflect.Method.invoke(Method.java:567)
	at org.testng.internal.MethodInvocationHelper.invokeMethod(MethodInvocationHelper.java:133)
	at org.testng.internal.MethodInvocationHelper.invokeMethodConsideringTimeout(MethodInvocationHelper.java:62)
	at org.testng.internal.ConfigInvoker.invokeConfigurationMethod(ConfigInvoker.java:385)
	at org.testng.internal.ConfigInvoker.invokeConfigurations(ConfigInvoker.java:321)
	at org.testng.TestRunner.invokeTestConfigurations(TestRunner.java:637)
	at org.testng.TestRunner.beforeRun(TestRunner.java:627)
	at org.testng.TestRunner.run(TestRunner.java:589)
	at org.testng.SuiteRunner.runTest(SuiteRunner.java:377)
	at org.testng.SuiteRunner.runSequentially(SuiteRunner.java:371)
	at org.testng.SuiteRunner.privateRun(SuiteRunner.java:332)
	at org.testng.SuiteRunner.run(SuiteRunner.java:276)
	at org.testng.SuiteRunnerWorker.runSuite(SuiteRunnerWorker.java:53)
	at org.testng.SuiteRunnerWorker.run(SuiteRunnerWorker.java:96)
	at org.testng.TestNG.runSuitesSequentially(TestNG.java:1212)
	at org.testng.TestNG.runSuitesLocally(TestNG.java:1134)
	at org.testng.TestNG.runSuites(TestNG.java:1063)
	at org.testng.TestNG.run(TestNG.java:1031)
	at org.testng.remote.AbstractRemoteTestNG.run(AbstractRemoteTestNG.java:115)
	at org.testng.remote.RemoteTestNG.initAndRun(RemoteTestNG.java:251)
	at org.testng.remote.RemoteTestNG.main(RemoteTestNG.java:77)
</pre></div></td>
<td>0</td>
<td>testNGClasses.VarifyAddToCartButtonAndOffersForProduct@5a45133e</td></tr>
<tr>
<td title='testNGClasses.VarifyUsernameAdressAfterSignInAndCheckItemsOrderedInAYear.VarifyDeliveryAdressAfterLogin()'><b>VarifyDeliveryAdressAfterLogin</b><br>Test class: testNGClasses.VarifyUsernameAdressAfterSignInAndCheckItemsOrderedInAYear</td>
<td><div><pre>java.lang.NullPointerException: Cannot invoke &quot;org.openqa.selenium.WebDriver.manage()&quot; because &quot;this.driver&quot; is null
	at testNGClasses.VarifyAddToCartButtonAndOffersForProduct.launchBrowser(VarifyAddToCartButtonAndOffersForProduct.java:45)
... Removed 24 stack frames</pre></div><a href='#' onClick='toggleBox("stack-trace259932125", this, "Click to show all stack frames", "Click to hide stack frames")'>Click to show all stack frames</a>
<div class='stack-trace' id='stack-trace259932125'><pre>java.lang.NullPointerException: Cannot invoke &quot;org.openqa.selenium.WebDriver.manage()&quot; because &quot;this.driver&quot; is null
	at testNGClasses.VarifyAddToCartButtonAndOffersForProduct.launchBrowser(VarifyAddToCartButtonAndOffersForProduct.java:45)
	at java.base/jdk.internal.reflect.NativeMethodAccessorImpl.invoke0(Native Method)
	at java.base/jdk.internal.reflect.NativeMethodAccessorImpl.invoke(NativeMethodAccessorImpl.java:78)
	at java.base/jdk.internal.reflect.DelegatingMethodAccessorImpl.invoke(DelegatingMethodAccessorImpl.java:43)
	at java.base/java.lang.reflect.Method.invoke(Method.java:567)
	at org.testng.internal.MethodInvocationHelper.invokeMethod(MethodInvocationHelper.java:133)
	at org.testng.internal.MethodInvocationHelper.invokeMethodConsideringTimeout(MethodInvocationHelper.java:62)
	at org.testng.internal.ConfigInvoker.invokeConfigurationMethod(ConfigInvoker.java:385)
	at org.testng.internal.ConfigInvoker.invokeConfigurations(ConfigInvoker.java:321)
	at org.testng.TestRunner.invokeTestConfigurations(TestRunner.java:637)
	at org.testng.TestRunner.beforeRun(TestRunner.java:627)
	at org.testng.TestRunner.run(TestRunner.java:589)
	at org.testng.SuiteRunner.runTest(SuiteRunner.java:377)
	at org.testng.SuiteRunner.runSequentially(SuiteRunner.java:371)
	at org.testng.SuiteRunner.privateRun(SuiteRunner.java:332)
	at org.testng.SuiteRunner.run(SuiteRunner.java:276)
	at org.testng.SuiteRunnerWorker.runSuite(SuiteRunnerWorker.java:53)
	at org.testng.SuiteRunnerWorker.run(SuiteRunnerWorker.java:96)
	at org.testng.TestNG.runSuitesSequentially(TestNG.java:1212)
	at org.testng.TestNG.runSuitesLocally(TestNG.java:1134)
	at org.testng.TestNG.runSuites(TestNG.java:1063)
	at org.testng.TestNG.run(TestNG.java:1031)
	at org.testng.remote.AbstractRemoteTestNG.run(AbstractRemoteTestNG.java:115)
	at org.testng.remote.RemoteTestNG.initAndRun(RemoteTestNG.java:251)
	at org.testng.remote.RemoteTestNG.main(RemoteTestNG.java:77)
</pre></div></td>
<td>0</td>
<td>testNGClasses.VarifyUsernameAdressAfterSignInAndCheckItemsOrderedInAYear@2e3967ea</td></tr>
<tr>
<td title='testNGClasses.VarifyUsernameAdressAfterSignInAndCheckItemsOrderedInAYear.VarifyUsernameAfterLogin()'><b>VarifyUsernameAfterLogin</b><br>Test class: testNGClasses.VarifyUsernameAdressAfterSignInAndCheckItemsOrderedInAYear</td>
<td><div><pre>java.lang.NullPointerException: Cannot invoke &quot;org.openqa.selenium.WebDriver.manage()&quot; because &quot;this.driver&quot; is null
	at testNGClasses.VarifyAddToCartButtonAndOffersForProduct.launchBrowser(VarifyAddToCartButtonAndOffersForProduct.java:45)
... Removed 24 stack frames</pre></div><a href='#' onClick='toggleBox("stack-trace1075073617", this, "Click to show all stack frames", "Click to hide stack frames")'>Click to show all stack frames</a>
<div class='stack-trace' id='stack-trace1075073617'><pre>java.lang.NullPointerException: Cannot invoke &quot;org.openqa.selenium.WebDriver.manage()&quot; because &quot;this.driver&quot; is null
	at testNGClasses.VarifyAddToCartButtonAndOffersForProduct.launchBrowser(VarifyAddToCartButtonAndOffersForProduct.java:45)
	at java.base/jdk.internal.reflect.NativeMethodAccessorImpl.invoke0(Native Method)
	at java.base/jdk.internal.reflect.NativeMethodAccessorImpl.invoke(NativeMethodAccessorImpl.java:78)
	at java.base/jdk.internal.reflect.DelegatingMethodAccessorImpl.invoke(DelegatingMethodAccessorImpl.java:43)
	at java.base/java.lang.reflect.Method.invoke(Method.java:567)
	at org.testng.internal.MethodInvocationHelper.invokeMethod(MethodInvocationHelper.java:133)
	at org.testng.internal.MethodInvocationHelper.invokeMethodConsideringTimeout(MethodInvocationHelper.java:62)
	at org.testng.internal.ConfigInvoker.invokeConfigurationMethod(ConfigInvoker.java:385)
	at org.testng.internal.ConfigInvoker.invokeConfigurations(ConfigInvoker.java:321)
	at org.testng.TestRunner.invokeTestConfigurations(TestRunner.java:637)
	at org.testng.TestRunner.beforeRun(TestRunner.java:627)
	at org.testng.TestRunner.run(TestRunner.java:589)
	at org.testng.SuiteRunner.runTest(SuiteRunner.java:377)
	at org.testng.SuiteRunner.runSequentially(SuiteRunner.java:371)
	at org.testng.SuiteRunner.privateRun(SuiteRunner.java:332)
	at org.testng.SuiteRunner.run(SuiteRunner.java:276)
	at org.testng.SuiteRunnerWorker.runSuite(SuiteRunnerWorker.java:53)
	at org.testng.SuiteRunnerWorker.run(SuiteRunnerWorker.java:96)
	at org.testng.TestNG.runSuitesSequentially(TestNG.java:1212)
	at org.testng.TestNG.runSuitesLocally(TestNG.java:1134)
	at org.testng.TestNG.runSuites(TestNG.java:1063)
	at org.testng.TestNG.run(TestNG.java:1031)
	at org.testng.remote.AbstractRemoteTestNG.run(AbstractRemoteTestNG.java:115)
	at org.testng.remote.RemoteTestNG.initAndRun(RemoteTestNG.java:251)
	at org.testng.remote.RemoteTestNG.main(RemoteTestNG.java:77)
</pre></div></td>
<td>0</td>
<td>testNGClasses.VarifyUsernameAdressAfterSignInAndCheckItemsOrderedInAYear@2e3967ea</td></tr>
<tr>
<td title='testNGClasses.VarifyAddToCartButtonAndOffersForProduct.VarifyAddToCartButton()'><b>VarifyAddToCartButton</b><br>Test class: testNGClasses.VarifyAddToCartButtonAndOffersForProduct</td>
<td><div><pre>java.lang.NullPointerException: Cannot invoke &quot;org.openqa.selenium.WebDriver.manage()&quot; because &quot;this.driver&quot; is null
	at testNGClasses.VarifyAddToCartButtonAndOffersForProduct.launchBrowser(VarifyAddToCartButtonAndOffersForProduct.java:45)
... Removed 24 stack frames</pre></div><a href='#' onClick='toggleBox("stack-trace707559044", this, "Click to show all stack frames", "Click to hide stack frames")'>Click to show all stack frames</a>
<div class='stack-trace' id='stack-trace707559044'><pre>java.lang.NullPointerException: Cannot invoke &quot;org.openqa.selenium.WebDriver.manage()&quot; because &quot;this.driver&quot; is null
	at testNGClasses.VarifyAddToCartButtonAndOffersForProduct.launchBrowser(VarifyAddToCartButtonAndOffersForProduct.java:45)
	at java.base/jdk.internal.reflect.NativeMethodAccessorImpl.invoke0(Native Method)
	at java.base/jdk.internal.reflect.NativeMethodAccessorImpl.invoke(NativeMethodAccessorImpl.java:78)
	at java.base/jdk.internal.reflect.DelegatingMethodAccessorImpl.invoke(DelegatingMethodAccessorImpl.java:43)
	at java.base/java.lang.reflect.Method.invoke(Method.java:567)
	at org.testng.internal.MethodInvocationHelper.invokeMethod(MethodInvocationHelper.java:133)
	at org.testng.internal.MethodInvocationHelper.invokeMethodConsideringTimeout(MethodInvocationHelper.java:62)
	at org.testng.internal.ConfigInvoker.invokeConfigurationMethod(ConfigInvoker.java:385)
	at org.testng.internal.ConfigInvoker.invokeConfigurations(ConfigInvoker.java:321)
	at org.testng.TestRunner.invokeTestConfigurations(TestRunner.java:637)
	at org.testng.TestRunner.beforeRun(TestRunner.java:627)
	at org.testng.TestRunner.run(TestRunner.java:589)
	at org.testng.SuiteRunner.runTest(SuiteRunner.java:377)
	at org.testng.SuiteRunner.runSequentially(SuiteRunner.java:371)
	at org.testng.SuiteRunner.privateRun(SuiteRunner.java:332)
	at org.testng.SuiteRunner.run(SuiteRunner.java:276)
	at org.testng.SuiteRunnerWorker.runSuite(SuiteRunnerWorker.java:53)
	at org.testng.SuiteRunnerWorker.run(SuiteRunnerWorker.java:96)
	at org.testng.TestNG.runSuitesSequentially(TestNG.java:1212)
	at org.testng.TestNG.runSuitesLocally(TestNG.java:1134)
	at org.testng.TestNG.runSuites(TestNG.java:1063)
	at org.testng.TestNG.run(TestNG.java:1031)
	at org.testng.remote.AbstractRemoteTestNG.run(AbstractRemoteTestNG.java:115)
	at org.testng.remote.RemoteTestNG.initAndRun(RemoteTestNG.java:251)
	at org.testng.remote.RemoteTestNG.main(RemoteTestNG.java:77)
</pre></div></td>
<td>0</td>
<td>testNGClasses.VarifyAddToCartButtonAndOffersForProduct@5a45133e</td></tr>
<tr>
<td title='testNGClasses.VarifyUsernameAdressAfterSignInAndCheckItemsOrderedInAYear.checkItemsOrderedInAYear()'><b>checkItemsOrderedInAYear</b><br>Test class: testNGClasses.VarifyUsernameAdressAfterSignInAndCheckItemsOrderedInAYear</td>
<td><div><pre>java.lang.NullPointerException: Cannot invoke &quot;org.openqa.selenium.WebDriver.manage()&quot; because &quot;this.driver&quot; is null
	at testNGClasses.VarifyAddToCartButtonAndOffersForProduct.launchBrowser(VarifyAddToCartButtonAndOffersForProduct.java:45)
... Removed 24 stack frames</pre></div><a href='#' onClick='toggleBox("stack-trace1242087153", this, "Click to show all stack frames", "Click to hide stack frames")'>Click to show all stack frames</a>
<div class='stack-trace' id='stack-trace1242087153'><pre>java.lang.NullPointerException: Cannot invoke &quot;org.openqa.selenium.WebDriver.manage()&quot; because &quot;this.driver&quot; is null
	at testNGClasses.VarifyAddToCartButtonAndOffersForProduct.launchBrowser(VarifyAddToCartButtonAndOffersForProduct.java:45)
	at java.base/jdk.internal.reflect.NativeMethodAccessorImpl.invoke0(Native Method)
	at java.base/jdk.internal.reflect.NativeMethodAccessorImpl.invoke(NativeMethodAccessorImpl.java:78)
	at java.base/jdk.internal.reflect.DelegatingMethodAccessorImpl.invoke(DelegatingMethodAccessorImpl.java:43)
	at java.base/java.lang.reflect.Method.invoke(Method.java:567)
	at org.testng.internal.MethodInvocationHelper.invokeMethod(MethodInvocationHelper.java:133)
	at org.testng.internal.MethodInvocationHelper.invokeMethodConsideringTimeout(MethodInvocationHelper.java:62)
	at org.testng.internal.ConfigInvoker.invokeConfigurationMethod(ConfigInvoker.java:385)
	at org.testng.internal.ConfigInvoker.invokeConfigurations(ConfigInvoker.java:321)
	at org.testng.TestRunner.invokeTestConfigurations(TestRunner.java:637)
	at org.testng.TestRunner.beforeRun(TestRunner.java:627)
	at org.testng.TestRunner.run(TestRunner.java:589)
	at org.testng.SuiteRunner.runTest(SuiteRunner.java:377)
	at org.testng.SuiteRunner.runSequentially(SuiteRunner.java:371)
	at org.testng.SuiteRunner.privateRun(SuiteRunner.java:332)
	at org.testng.SuiteRunner.run(SuiteRunner.java:276)
	at org.testng.SuiteRunnerWorker.runSuite(SuiteRunnerWorker.java:53)
	at org.testng.SuiteRunnerWorker.run(SuiteRunnerWorker.java:96)
	at org.testng.TestNG.runSuitesSequentially(TestNG.java:1212)
	at org.testng.TestNG.runSuitesLocally(TestNG.java:1134)
	at org.testng.TestNG.runSuites(TestNG.java:1063)
	at org.testng.TestNG.run(TestNG.java:1031)
	at org.testng.remote.AbstractRemoteTestNG.run(AbstractRemoteTestNG.java:115)
	at org.testng.remote.RemoteTestNG.initAndRun(RemoteTestNG.java:251)
	at org.testng.remote.RemoteTestNG.main(RemoteTestNG.java:77)
</pre></div></td>
<td>0</td>
<td>testNGClasses.VarifyUsernameAdressAfterSignInAndCheckItemsOrderedInAYear@2e3967ea</td></tr>
</table><p>
</body>
</html>